<?xml version="1.0" encoding="UTF-8"?>
<testng-results ignored="0" total="1" passed="1" failed="0" skipped="0">
  <reporter-output>
  </reporter-output>
  <suite started-at="2022-11-15T14:55:39 IST" name="Default suite" finished-at="2022-11-15T14:57:15 IST" duration-ms="96169">
    <groups>
    </groups>
    <test started-at="2022-11-15T14:55:39 IST" name="Default test" finished-at="2022-11-15T14:57:15 IST" duration-ms="96169">
      <class name="baselibrary.Baselibrary">
        <test-method signature="geturllaunch()[pri:0, instance:baselibrary.Baselibrary@50ad3bc1]" started-at="2022-11-15T14:55:39 IST" name="geturllaunch" finished-at="2022-11-15T14:57:15 IST" duration-ms="96039" status="PASS">
          <reporter-output>
          </reporter-output>
        </test-method> <!-- geturllaunch -->
      </class> <!-- baselibrary.Baselibrary -->
    </test> <!-- Default test -->
  </suite> <!-- Default suite -->
</testng-results>
